<?xml version="1.0" encoding="UTF-8"?>
<testsuite xmlns:xsi="http://www.w3.org/2001/XMLSchema-instance" xsi:noNamespaceSchemaLocation="https://maven.apache.org/surefire/maven-surefire-plugin/xsd/surefire-test-report.xsd" name="com.verto.inventory.controller.ProductControllerTest" time="9.415" tests="14" errors="0" skipped="0" failures="0">
  <properties>
[...]
</properties>
  <testcase name="createProduct_ShouldReturnCreatedProduct" classname="com.verto.inventory.controller.ProductControllerTest" time="1.053"/>
  <testcase name="updateProduct_WhenProductExists_ShouldReturnUpdatedProduct" classname="com.verto.inventory.controller.ProductControllerTest" time="0.05"/>
  <testcase name="getAllProducts_ShouldReturnAllProducts" classname="com.verto.inventory.controller.ProductControllerTest" time="0.037"/>
  <testcase name="decreaseStock_WhenProductDoesNotExist_ShouldReturnNotFound" classname="com.verto.inventory.controller.ProductControllerTest" time="0.04"/>
  <testcase name="increaseStock_WhenProductDoesNotExist_ShouldReturnNotFound" classname="com.verto.inventory.controller.ProductControllerTest" time="0.022"/>
  <testcase name="increaseStock_WhenValid_ShouldReturnUpdatedProduct" classname="com.verto.inventory.controller.ProductControllerTest" time="0.019"/>
  <testcase name="deleteProduct_WhenProductDoesNotExist_ShouldReturnNotFound" classname="com.verto.inventory.controller.ProductControllerTest" time="0.029"/>
  <testcase name="getLowStockProducts_ShouldReturnLowStockProducts" classname="com.verto.inventory.controller.ProductControllerTest" time="0.012"/>
  <testcase name="decreaseStock_WhenValid_ShouldReturnUpdatedProduct" classname="com.verto.inventory.controller.ProductControllerTest" time="0.025"/>
  <testcase name="getProductById_WhenProductDoesNotExist_ShouldReturnNotFound" classname="com.verto.inventory.controller.ProductControllerTest" time="0.018"/>
  <testcase name="deleteProduct_WhenProductExists_ShouldReturnNoContent" classname="com.verto.inventory.controller.ProductControllerTest" time="0.017"/>
  <testcase name="getProductById_WhenProductExists_ShouldReturnProduct" classname="com.verto.inventory.controller.ProductControllerTest" time="0.018"/>
  <testcase name="updateProduct_WhenProductDoesNotExist_ShouldReturnNotFound" classname="com.verto.inventory.controller.ProductControllerTest" time="0.014"/>
  <testcase name="decreaseStock_WhenInsufficientStock_ShouldReturnBadRequest" classname="com.verto.inventory.controller.ProductControllerTest" time="0.014"/>
</testsuite>